10:10:27.003 [TestNG-tests-1] INFO  DollarDays - TC_verifyUserDropDownUrl Test is starting. This testcase verifies the the navigation of links displayed in the user list .
10:10:27.007 [TestNG-tests-1] DEBUG DollarDays - Refreshing HomePage /Navigating to HomePage
10:10:36.148 [TestNG-tests-1] DEBUG DollarDays - Clicking on User Name Icon to view the dropdown list.
10:10:36.443 [TestNG-tests-1] DEBUG DollarDays - Clicking on Address Book Link in the user dropdown list.
10:10:39.395 [TestNG-tests-1] INFO  DollarDays - Address Book link url verified successfully.
10:10:39.396 [TestNG-tests-1] INFO  DollarDays - TC_verifyUserDropDownUrl Test is passed
10:10:39.987 [TestNG-tests-1] INFO  DollarDays - TC_verifyUserDropDownUrl Test is starting. This testcase verifies the the navigation of links displayed in the user list .
10:10:39.987 [TestNG-tests-1] DEBUG DollarDays - Refreshing HomePage /Navigating to HomePage
10:10:41.860 [TestNG-tests-1] DEBUG DollarDays - Clicking on User Name Icon to view the dropdown list.
10:10:42.068 [TestNG-tests-1] DEBUG DollarDays - Clicking on Wallet Link in the user dropdown list.
10:10:52.165 [TestNG-tests-1] INFO  DollarDays - Wallet link url verified successfully.
10:10:52.165 [TestNG-tests-1] INFO  DollarDays - TC_verifyUserDropDownUrl Test is passed
10:10:52.731 [TestNG-tests-1] INFO  DollarDays - TC_verifyUserDropDownUrl Test is starting. This testcase verifies the the navigation of links displayed in the user list .
10:10:52.731 [TestNG-tests-1] DEBUG DollarDays - Refreshing HomePage /Navigating to HomePage
10:10:54.397 [TestNG-tests-1] DEBUG DollarDays - Clicking on User Name Icon to view the dropdown list.
10:10:54.606 [TestNG-tests-1] DEBUG DollarDays - Clicking on Tax Exempt Link in the user dropdown list.
10:10:58.745 [TestNG-tests-1] INFO  DollarDays - Tax Exempt link url verified successfully.
10:10:58.746 [TestNG-tests-1] INFO  DollarDays - TC_verifyUserDropDownUrl Test is passed
10:10:59.298 [TestNG-tests-1] INFO  DollarDays - TC_verifyUserDropDownUrl Test is starting. This testcase verifies the the navigation of links displayed in the user list .
10:10:59.298 [TestNG-tests-1] DEBUG DollarDays - Refreshing HomePage /Navigating to HomePage
10:11:08.300 [TestNG-tests-1] DEBUG DollarDays - Clicking on User Name Icon to view the dropdown list.
10:11:08.494 [TestNG-tests-1] DEBUG DollarDays - Clicking on Request a Quote Link in the user dropdown list.
10:11:11.692 [TestNG-tests-1] INFO  DollarDays - Request a Quote link url verified successfully.
10:11:11.693 [TestNG-tests-1] INFO  DollarDays - TC_verifyUserDropDownUrl Test is passed
10:11:12.595 [TestNG-tests-1] INFO  DollarDays - TC_verifyUserDropDownUrl Test is starting. This testcase verifies the the navigation of links displayed in the user list .
10:11:12.595 [TestNG-tests-1] DEBUG DollarDays - Refreshing HomePage /Navigating to HomePage
10:11:14.252 [TestNG-tests-1] DEBUG DollarDays - Clicking on User Name Icon to view the dropdown list.
10:11:14.442 [TestNG-tests-1] DEBUG DollarDays - Clicking on Contact Us Link in the user dropdown list.
10:11:24.392 [TestNG-tests-1] INFO  DollarDays - Contact Us link url verified successfully.
10:11:24.393 [TestNG-tests-1] INFO  DollarDays - TC_verifyUserDropDownUrl Test is passed
10:11:26.276 [TestNG-tests-1] INFO  DollarDays - TC_verifyUserDropDownUrl Test is starting. This testcase verifies the the navigation of links displayed in the user list .
10:11:26.276 [TestNG-tests-1] DEBUG DollarDays - Refreshing HomePage /Navigating to HomePage
10:11:27.788 [TestNG-tests-3] WARN  DollarDays - NoSuchElementException  Proxy element for: DefaultElementLocator 'By.linkText: Sign Out' This WebElement is not present/displayed. 
10:11:27.788 [TestNG-tests-3] DEBUG DollarDays - Clicking  SigninIcon and then SignIn option from the DropDown List to navigate to Login Page
10:11:28.269 [TestNG-tests-1] DEBUG DollarDays - Clicking on User Name Icon to view the dropdown list.
10:11:28.458 [TestNG-tests-1] DEBUG DollarDays - Clicking on SignOut Link in the user dropdown list.
10:11:32.038 [TestNG-tests-1] INFO  DollarDays - Sign Out link navigation verified successfully.
10:11:32.039 [TestNG-tests-1] INFO  DollarDays - TC_verifyUserDropDownUrl Test is passed
10:11:41.362 [TestNG-tests-1] INFO  DollarDays - WebPage is closed.
10:12:28.437 [TestNG-tests-3] WARN  DollarDays - NoSuchElementException  Proxy element for: DefaultElementLocator 'By.linkText: Sign In' This WebElement is not present/displayed. 
10:12:28.438 [TestNG-tests-3] DEBUG DollarDays - Clearing and Entering UserEmail and Password .
10:13:28.577 [TestNG-tests-3] WARN  DollarDays - NoSuchElementException  Proxy element for: DefaultElementLocator 'By.id: inputLoginUsername' This WebElement is not present/displayed. 
10:14:28.669 [TestNG-tests-3] WARN  DollarDays - NoSuchElementException  Proxy element for: DefaultElementLocator 'By.id: inputLoginPassword' This WebElement is not present/displayed. 
