10:24:10.964 [TestNG-tests-3] DEBUG DollarDays - Clearing and Entering UserEmail and Password .
10:24:11.341 [TestNG-tests-1] DEBUG DollarDays - Clicking on Order History Link in the user dropdown list
10:24:11.698 [TestNG-tests-3] DEBUG DollarDays - Clicking Sign in Button.
10:24:14.023 [TestNG-tests-3] INFO  DollarDays - Checking if user has signed in to dollardays WebPage
10:24:14.349 [TestNG-tests-3] INFO  DollarDays - User is Signed in
10:24:14.350 [TestNG-tests-3] ERROR DollarDays - TC_loginDDT test failed.  java.lang.AssertionError: Signed  in to DollarDays successfully with invalid user srikanthtesting100@gmail.com and invalid password password123. Testcase failed. expected [false] but found [true]
10:24:15.238 [TestNG-tests-1] INFO  DollarDays - Order History link url verified successfully.
10:24:15.239 [TestNG-tests-1] INFO  DollarDays - TC_verifyUserDropDownUrl Test is passed
10:24:15.883 [TestNG-tests-1] INFO  DollarDays - TC_verifyUserDropDownUrl Test is starting. This testcase verifies the the navigation of links displayed in the user list .
10:24:15.883 [TestNG-tests-1] DEBUG DollarDays - Refreshing HomePage /Navigating to HomePage
10:24:17.364 [TestNG-tests-3] INFO  DollarDays - TC_loginDDT Test is starting. This Testcase checks for logging in functionality using valid and invalid username/password combinations
10:24:17.705 [TestNG-tests-3] DEBUG DollarDays -  Invoke Signout from Homepage by clicking  SigninIcon and then Sign Out option from the DropDown List
10:24:18.639 [TestNG-tests-1] DEBUG DollarDays - Clicking on User Name Icon to view the dropdown list.
10:24:18.874 [TestNG-tests-1] DEBUG DollarDays - Clicking on Favorites Link in the user dropdown list.
10:24:20.278 [TestNG-tests-1] INFO  DollarDays - Favorites link url verified successfully.
10:24:20.278 [TestNG-tests-1] INFO  DollarDays - TC_verifyUserDropDownUrl Test is passed
10:24:21.583 [TestNG-tests-1] INFO  DollarDays - TC_verifyUserDropDownUrl Test is starting. This testcase verifies the the navigation of links displayed in the user list .
10:24:21.583 [TestNG-tests-1] DEBUG DollarDays - Refreshing HomePage /Navigating to HomePage
10:24:23.260 [TestNG-tests-1] DEBUG DollarDays - Clicking on User Name Icon to view the dropdown list.
10:24:23.480 [TestNG-tests-1] DEBUG DollarDays - Clicking on Update Profile Link in the user dropdown list.
10:24:25.920 [TestNG-tests-1] INFO  DollarDays - Update Profile link url verified successfully.
10:24:25.922 [TestNG-tests-1] INFO  DollarDays - TC_verifyUserDropDownUrl Test is passed
10:24:26.914 [TestNG-tests-1] INFO  DollarDays - TC_verifyUserDropDownUrl Test is starting. This testcase verifies the the navigation of links displayed in the user list .
10:24:26.914 [TestNG-tests-1] DEBUG DollarDays - Refreshing HomePage /Navigating to HomePage
10:24:29.450 [TestNG-tests-1] DEBUG DollarDays - Clicking on User Name Icon to view the dropdown list.
10:24:29.633 [TestNG-tests-1] DEBUG DollarDays - Clicking on Address Book Link in the user dropdown list.
10:24:32.429 [TestNG-tests-1] INFO  DollarDays - Address Book link url verified successfully.
10:24:32.430 [TestNG-tests-1] INFO  DollarDays - TC_verifyUserDropDownUrl Test is passed
10:24:33.022 [TestNG-tests-1] INFO  DollarDays - TC_verifyUserDropDownUrl Test is starting. This testcase verifies the the navigation of links displayed in the user list .
10:24:33.022 [TestNG-tests-1] DEBUG DollarDays - Refreshing HomePage /Navigating to HomePage
10:24:34.649 [TestNG-tests-1] DEBUG DollarDays - Clicking on User Name Icon to view the dropdown list.
10:24:34.864 [TestNG-tests-1] DEBUG DollarDays - Clicking on Wallet Link in the user dropdown list.
10:24:36.480 [TestNG-tests-1] INFO  DollarDays - Wallet link url verified successfully.
10:24:36.480 [TestNG-tests-1] INFO  DollarDays - TC_verifyUserDropDownUrl Test is passed
10:24:38.330 [TestNG-tests-1] INFO  DollarDays - TC_verifyUserDropDownUrl Test is starting. This testcase verifies the the navigation of links displayed in the user list .
10:24:38.330 [TestNG-tests-1] DEBUG DollarDays - Refreshing HomePage /Navigating to HomePage
10:24:40.555 [TestNG-tests-1] DEBUG DollarDays - Clicking on User Name Icon to view the dropdown list.
10:24:40.854 [TestNG-tests-1] DEBUG DollarDays - Clicking on Tax Exempt Link in the user dropdown list.
10:24:43.938 [TestNG-tests-1] INFO  DollarDays - Tax Exempt link url verified successfully.
10:24:43.939 [TestNG-tests-1] INFO  DollarDays - TC_verifyUserDropDownUrl Test is passed
10:24:44.596 [TestNG-tests-1] INFO  DollarDays - TC_verifyUserDropDownUrl Test is starting. This testcase verifies the the navigation of links displayed in the user list .
10:24:44.597 [TestNG-tests-1] DEBUG DollarDays - Refreshing HomePage /Navigating to HomePage
10:24:46.328 [TestNG-tests-1] DEBUG DollarDays - Clicking on User Name Icon to view the dropdown list.
10:24:46.580 [TestNG-tests-1] DEBUG DollarDays - Clicking on Request a Quote Link in the user dropdown list.
