12:25:29.329 [TestNG-tests-1] TRACE io.github.bonigarcia.wdm.WebDriverManager - Found driver in post-download: C:\Users\madhu\AppData\Local\Temp\4855397355676391889\chromedriver.exe
12:25:29.332 [TestNG-tests-1] TRACE io.github.bonigarcia.wdm.online.Downloader - Deleting folder C:\Users\madhu\AppData\Local\Temp\4855397355676391889
12:25:29.332 [TestNG-tests-1] TRACE io.github.bonigarcia.wdm.online.Downloader - Driver after extraction C:\Users\madhu\.cache\selenium\chromedriver\win32\92.0.4515.43\chromedriver.exe
12:25:29.334 [TestNG-tests-1] INFO  io.github.bonigarcia.wdm.WebDriverManager - Exporting webdriver.chrome.driver as C:\Users\madhu\.cache\selenium\chromedriver\win32\92.0.4515.43\chromedriver.exe
12:25:29.347 [TestNG-tests-2] DEBUG io.github.bonigarcia.wdm.cache.ResolutionCache - Resolution chrome=92 in cache (valid until 13:25:14 27/07/2021 PDT)
12:25:29.348 [TestNG-tests-2] DEBUG io.github.bonigarcia.wdm.cache.ResolutionCache - Resolution chrome92=92.0.4515.43 in cache (valid until 12:25:14 28/07/2021 PDT)
12:25:29.348 [TestNG-tests-2] INFO  io.github.bonigarcia.wdm.WebDriverManager - Using chromedriver 92.0.4515.43 (resolved driver for Chrome 92)
12:25:29.351 [TestNG-tests-2] TRACE io.github.bonigarcia.wdm.cache.CacheHandler - Checking if chromedriver exists in cache
12:25:29.355 [TestNG-tests-2] TRACE io.github.bonigarcia.wdm.cache.CacheHandler - Filter cache by chromedriver -- input list [C:\Users\madhu\.cache\selenium\chromedriver\win32\91.0.4472.101\chromedriver.exe, C:\Users\madhu\.cache\selenium\chromedriver\win32\92.0.4515.43\chromedriver.exe, C:\Users\madhu\.cache\selenium\resolution.properties] -- output list [C:\Users\madhu\.cache\selenium\chromedriver\win32\91.0.4472.101\chromedriver.exe, C:\Users\madhu\.cache\selenium\chromedriver\win32\92.0.4515.43\chromedriver.exe] 
12:25:29.355 [TestNG-tests-2] TRACE io.github.bonigarcia.wdm.cache.CacheHandler - Filter cache by 92.0.4515.43 -- input list [C:\Users\madhu\.cache\selenium\chromedriver\win32\91.0.4472.101\chromedriver.exe, C:\Users\madhu\.cache\selenium\chromedriver\win32\92.0.4515.43\chromedriver.exe] -- output list [C:\Users\madhu\.cache\selenium\chromedriver\win32\92.0.4515.43\chromedriver.exe] 
12:25:29.355 [TestNG-tests-2] TRACE io.github.bonigarcia.wdm.cache.CacheHandler - Filter cache by WIN -- input list [C:\Users\madhu\.cache\selenium\chromedriver\win32\92.0.4515.43\chromedriver.exe] -- output list [C:\Users\madhu\.cache\selenium\chromedriver\win32\92.0.4515.43\chromedriver.exe] 
12:25:29.355 [TestNG-tests-2] DEBUG io.github.bonigarcia.wdm.WebDriverManager - Driver chromedriver 92.0.4515.43 found in cache
12:25:29.356 [TestNG-tests-2] INFO  io.github.bonigarcia.wdm.WebDriverManager - Exporting webdriver.chrome.driver as C:\Users\madhu\.cache\selenium\chromedriver\win32\92.0.4515.43\chromedriver.exe
12:25:29.373 [TestNG-tests-3] DEBUG io.github.bonigarcia.wdm.cache.ResolutionCache - Resolution chrome=92 in cache (valid until 13:25:14 27/07/2021 PDT)
12:25:29.376 [TestNG-tests-3] DEBUG io.github.bonigarcia.wdm.cache.ResolutionCache - Resolution chrome92=92.0.4515.43 in cache (valid until 12:25:14 28/07/2021 PDT)
12:25:29.376 [TestNG-tests-3] INFO  io.github.bonigarcia.wdm.WebDriverManager - Using chromedriver 92.0.4515.43 (resolved driver for Chrome 92)
12:25:29.379 [TestNG-tests-3] TRACE io.github.bonigarcia.wdm.cache.CacheHandler - Checking if chromedriver exists in cache
12:25:29.382 [TestNG-tests-3] TRACE io.github.bonigarcia.wdm.cache.CacheHandler - Filter cache by chromedriver -- input list [C:\Users\madhu\.cache\selenium\chromedriver\win32\91.0.4472.101\chromedriver.exe, C:\Users\madhu\.cache\selenium\chromedriver\win32\92.0.4515.43\chromedriver.exe, C:\Users\madhu\.cache\selenium\resolution.properties] -- output list [C:\Users\madhu\.cache\selenium\chromedriver\win32\91.0.4472.101\chromedriver.exe, C:\Users\madhu\.cache\selenium\chromedriver\win32\92.0.4515.43\chromedriver.exe] 
12:25:29.382 [TestNG-tests-3] TRACE io.github.bonigarcia.wdm.cache.CacheHandler - Filter cache by 92.0.4515.43 -- input list [C:\Users\madhu\.cache\selenium\chromedriver\win32\91.0.4472.101\chromedriver.exe, C:\Users\madhu\.cache\selenium\chromedriver\win32\92.0.4515.43\chromedriver.exe] -- output list [C:\Users\madhu\.cache\selenium\chromedriver\win32\92.0.4515.43\chromedriver.exe] 
12:25:29.382 [TestNG-tests-3] TRACE io.github.bonigarcia.wdm.cache.CacheHandler - Filter cache by WIN -- input list [C:\Users\madhu\.cache\selenium\chromedriver\win32\92.0.4515.43\chromedriver.exe] -- output list [C:\Users\madhu\.cache\selenium\chromedriver\win32\92.0.4515.43\chromedriver.exe] 
12:25:29.383 [TestNG-tests-3] DEBUG io.github.bonigarcia.wdm.WebDriverManager - Driver chromedriver 92.0.4515.43 found in cache
12:25:29.384 [TestNG-tests-3] INFO  io.github.bonigarcia.wdm.WebDriverManager - Exporting webdriver.chrome.driver as C:\Users\madhu\.cache\selenium\chromedriver\win32\92.0.4515.43\chromedriver.exe
12:25:45.048 [TestNG-tests-1] INFO  DollarDays - Chrome Driver is initialized
